<?xml version="1.0" encoding="UTF-8"?>
<!-- Generated by org.testng.reporters.JUnitReportReporter -->
<testsuite skipped="0" hostname="DESKTOP-PPQOM06" name="WebDriverManaager.ChromeTest" tests="1" failures="0" timestamp="15 Jul 2019 22:51:48 GMT" time="24.685" errors="0">
  <testcase name="test" time="24.685" classname="WebDriverManaager.ChromeTest"/>
</testsuite> <!-- WebDriverManaager.ChromeTest -->
