<?xml version="1.0" encoding="UTF-8"?>
<!-- Generated by org.testng.reporters.JUnitReportReporter -->
<testsuite skipped="0" hostname="DESKTOP-PPQOM06" name="WebDriverManaager.ChromeTest" tests="1" failures="0" timestamp="14 Jun 2019 22:55:00 GMT" time="3.392" errors="0">
  <testcase name="test" time="3.392" classname="WebDriverManaager.ChromeTest"/>
</testsuite> <!-- WebDriverManaager.ChromeTest -->
