<?xml version="1.0" encoding="UTF-8"?>
<!-- Generated by org.testng.reporters.JUnitReportReporter -->
<testsuite skipped="0" hostname="DESKTOP-DCBFHLV" name="WebDriverManaager.ChromeTest" tests="1" failures="0" timestamp="15 Jul 2019 05:12:14 GMT" time="26.729" errors="0">
  <testcase name="test" time="26.729" classname="WebDriverManaager.ChromeTest"/>
</testsuite> <!-- WebDriverManaager.ChromeTest -->
